<?xml version="1.0" encoding="UTF-8"?>
<testsuite name="com.example.it216groupproject1.ExampleUnitTest" tests="1" skipped="0" failures="0" errors="0" timestamp="2025-07-25T18:56:26" hostname="MacBookPro.lan" time="0.004">
  <properties/>
  <testcase name="addition_isCorrect" classname="com.example.it216groupproject1.ExampleUnitTest" time="0.004"/>
  <system-out><![CDATA[]]></system-out>
  <system-err><![CDATA[]]></system-err>
</testsuite>
